<?xml version="1.0" encoding="UTF-8"?>
<testng-results ignored="0" total="1" passed="1" failed="0" skipped="0">
  <reporter-output>
  </reporter-output>
  <suite started-at="2019-12-14T14:14:54 IST" name="Default suite" finished-at="2019-12-14T14:15:15 IST" duration-ms="20997">
    <groups>
    </groups>
    <test started-at="2019-12-14T14:14:54 IST" name="Default test" finished-at="2019-12-14T14:15:15 IST" duration-ms="20997">
      <class name="Testing.HomePage">
        <test-method signature="basePageNavigation()[pri:0, instance:Testing.HomePage@548e6d58]" started-at="2019-12-14T14:14:54 IST" name="basePageNavigation" finished-at="2019-12-14T14:15:15 IST" duration-ms="20920" status="PASS">
          <reporter-output>
          </reporter-output>
        </test-method> <!-- basePageNavigation -->
      </class> <!-- Testing.HomePage -->
    </test> <!-- Default test -->
  </suite> <!-- Default suite -->
</testng-results>
